13:41:04.113 [main] INFO  org.apache.logging.log4j.Logger - Logger config loaded
13:41:04.120 [main] DEBUG org.apache.logging.log4j.Logger - debug
13:41:04.120 [main] INFO  org.apache.logging.log4j.Logger - info
13:41:04.120 [main] WARN  org.apache.logging.log4j.Logger - warn
13:41:04.120 [main] ERROR org.apache.logging.log4j.Logger - error
13:41:04.120 [main] FATAL org.apache.logging.log4j.Logger - fatal
13:43:17.056 [main] INFO  org.apache.logging.log4j.Logger - Logger config loaded
13:43:17.062 [main] DEBUG org.apache.logging.log4j.Logger - debug
13:43:17.062 [main] INFO  org.apache.logging.log4j.Logger - info
13:43:17.063 [main] WARN  org.apache.logging.log4j.Logger - warn
13:43:17.063 [main] ERROR org.apache.logging.log4j.Logger - error
13:43:17.063 [main] FATAL org.apache.logging.log4j.Logger - fatal
13:47:53.922 [main] INFO  org.apache.logging.log4j.Logger - Logger config loaded
13:47:53.928 [main] DEBUG org.apache.logging.log4j.Logger - debug
13:47:53.928 [main] INFO  org.apache.logging.log4j.Logger - info
13:47:53.928 [main] WARN  org.apache.logging.log4j.Logger - warn
13:47:53.928 [main] ERROR org.apache.logging.log4j.Logger - error
13:47:53.928 [main] FATAL org.apache.logging.log4j.Logger - fatal
13:48:34.411 [main] INFO  org.apache.logging.log4j.Logger - Logger config loaded
13:48:34.416 [main] DEBUG org.apache.logging.log4j.Logger - debug
13:48:34.416 [main] INFO  org.apache.logging.log4j.Logger - info
13:48:34.416 [main] WARN  org.apache.logging.log4j.Logger - warn
13:48:34.417 [main] ERROR org.apache.logging.log4j.Logger - error
13:48:34.417 [main] FATAL org.apache.logging.log4j.Logger - fatal
16:26:46.000 [main] INFO  org.apache.logging.log4j.Logger - Logger config loaded
16:26:46.016 [main] DEBUG org.apache.logging.log4j.Logger - debug
16:26:46.017 [main] INFO  org.apache.logging.log4j.Logger - info
16:26:46.017 [main] WARN  org.apache.logging.log4j.Logger - warn
16:26:46.017 [main] ERROR org.apache.logging.log4j.Logger - error
16:26:46.018 [main] FATAL org.apache.logging.log4j.Logger - fatal
16:27:19.093 [main] INFO  org.apache.logging.log4j.Logger - Logger config loaded
16:27:19.101 [main] DEBUG org.apache.logging.log4j.Logger - debug
16:27:19.101 [main] INFO  org.apache.logging.log4j.Logger - info
16:27:19.102 [main] WARN  org.apache.logging.log4j.Logger - warn
16:27:19.102 [main] ERROR org.apache.logging.log4j.Logger - error
16:27:19.102 [main] FATAL org.apache.logging.log4j.Logger - fatal
16:29:00.677 [main] INFO  org.apache.logging.log4j.Logger - Logger config loaded
16:29:00.684 [main] DEBUG org.apache.logging.log4j.Logger - debug
16:29:00.684 [main] INFO  org.apache.logging.log4j.Logger - info
16:29:00.684 [main] WARN  org.apache.logging.log4j.Logger - warn
16:29:00.685 [main] ERROR org.apache.logging.log4j.Logger - error
16:29:00.685 [main] FATAL org.apache.logging.log4j.Logger - fatal
